2024-03-09 04:36:33,305   INFO  Loading Custom dataset.
2024-03-09 04:36:33,306   INFO  Total samples for CUSTOM dataset: 0
2024-03-09 04:36:35,417   INFO  ==> Loading parameters from checkpoint ./pillar/model.pth to GPU
2024-03-09 04:36:35,548   INFO  ==> Checkpoint trained from version: pcdet+0.6.0+255db8f
2024-03-09 04:36:35,581   INFO  ==> Done (loaded 391/391)
2024-03-09 04:48:07,327   INFO  Loading Custom dataset.
2024-03-09 04:48:07,329   INFO  Total samples for CUSTOM dataset: 0
2024-03-09 04:48:09,471   INFO  ==> Loading parameters from checkpoint ./pillar/model.pth to GPU
2024-03-09 04:48:09,601   INFO  ==> Checkpoint trained from version: pcdet+0.6.0+255db8f
2024-03-09 04:48:09,643   INFO  ==> Done (loaded 391/391)
2024-03-09 04:49:24,220   INFO  Loading Custom dataset.
2024-03-09 04:49:24,220   INFO  Loading Custom dataset.
2024-03-09 04:49:24,223   INFO  Total samples for CUSTOM dataset: 0
2024-03-09 04:49:24,223   INFO  Total samples for CUSTOM dataset: 0
2024-03-09 04:49:37,514   INFO  ==> Loading parameters from checkpoint ./pillar/model.pth to GPU
2024-03-09 04:49:37,514   INFO  ==> Loading parameters from checkpoint ./pillar/model.pth to GPU
2024-03-09 04:49:37,768   INFO  ==> Checkpoint trained from version: pcdet+0.6.0+255db8f
2024-03-09 04:49:37,768   INFO  ==> Checkpoint trained from version: pcdet+0.6.0+255db8f
2024-03-09 04:49:37,793   INFO  ==> Done (loaded 391/391)
2024-03-09 04:49:37,793   INFO  ==> Done (loaded 391/391)
2024-03-09 04:54:41,606   INFO  Loading Custom dataset.
2024-03-09 04:54:41,606   INFO  Loading Custom dataset.
2024-03-09 04:54:41,606   INFO  Loading Custom dataset.
2024-03-09 04:54:41,609   INFO  Total samples for CUSTOM dataset: 0
2024-03-09 04:54:41,609   INFO  Total samples for CUSTOM dataset: 0
2024-03-09 04:54:41,609   INFO  Total samples for CUSTOM dataset: 0
2024-03-09 04:54:51,147   INFO  ==> Loading parameters from checkpoint ./pillar/model.pth to GPU
2024-03-09 04:54:51,147   INFO  ==> Loading parameters from checkpoint ./pillar/model.pth to GPU
2024-03-09 04:54:51,147   INFO  ==> Loading parameters from checkpoint ./pillar/model.pth to GPU
2024-03-09 04:54:51,284   INFO  ==> Checkpoint trained from version: pcdet+0.6.0+255db8f
2024-03-09 04:54:51,284   INFO  ==> Checkpoint trained from version: pcdet+0.6.0+255db8f
2024-03-09 04:54:51,284   INFO  ==> Checkpoint trained from version: pcdet+0.6.0+255db8f
2024-03-09 04:54:51,310   INFO  ==> Done (loaded 391/391)
2024-03-09 04:54:51,310   INFO  ==> Done (loaded 391/391)
2024-03-09 04:54:51,310   INFO  ==> Done (loaded 391/391)
2024-03-09 05:03:56,389   INFO  Loading Custom dataset.
2024-03-09 05:03:56,390   INFO  Total samples for CUSTOM dataset: 0
2024-03-09 05:03:58,487   INFO  ==> Loading parameters from checkpoint ./pillar/model.pth to GPU
2024-03-09 05:03:58,616   INFO  ==> Checkpoint trained from version: pcdet+0.6.0+255db8f
2024-03-09 05:03:58,660   INFO  ==> Done (loaded 391/391)
2024-03-09 05:12:27,957   INFO  Loading Custom dataset.
2024-03-09 05:12:27,959   INFO  Total samples for CUSTOM dataset: 0
2024-03-09 05:12:30,084   INFO  ==> Loading parameters from checkpoint ./pillar/model.pth to GPU
2024-03-09 05:12:30,213   INFO  ==> Checkpoint trained from version: pcdet+0.6.0+255db8f
2024-03-09 05:12:30,251   INFO  ==> Done (loaded 391/391)
2024-03-09 05:15:36,408   INFO  Loading Custom dataset.
2024-03-09 05:15:36,410   INFO  Total samples for CUSTOM dataset: 0
2024-03-09 05:15:41,810   INFO  ==> Loading parameters from checkpoint ./pillar/model.pth to GPU
2024-03-09 05:15:41,936   INFO  ==> Checkpoint trained from version: pcdet+0.6.0+255db8f
2024-03-09 05:15:41,965   INFO  ==> Done (loaded 391/391)
2024-03-09 05:23:55,319   INFO  Loading Custom dataset.
2024-03-09 05:23:55,320   INFO  Total samples for CUSTOM dataset: 0
2024-03-09 05:23:57,515   INFO  ==> Loading parameters from checkpoint ./pillar/model.pth to GPU
2024-03-09 05:23:57,643   INFO  ==> Checkpoint trained from version: pcdet+0.6.0+255db8f
2024-03-09 05:23:57,679   INFO  ==> Done (loaded 391/391)
2024-03-09 05:33:31,051   INFO  Loading Custom dataset.
2024-03-09 05:33:31,053   INFO  Total samples for CUSTOM dataset: 0
2024-03-09 05:33:36,988   INFO  ==> Loading parameters from checkpoint ./pillar/model.pth to GPU
2024-03-09 05:33:37,126   INFO  ==> Checkpoint trained from version: pcdet+0.6.0+255db8f
2024-03-09 05:33:37,151   INFO  ==> Done (loaded 391/391)
2024-03-09 05:39:25,059   INFO  Loading Custom dataset.
2024-03-09 05:39:25,060   INFO  Total samples for CUSTOM dataset: 0
2024-03-09 05:39:27,134   INFO  ==> Loading parameters from checkpoint ./pillar/model.pth to GPU
2024-03-09 05:39:27,262   INFO  ==> Checkpoint trained from version: pcdet+0.6.0+255db8f
2024-03-09 05:39:27,305   INFO  ==> Done (loaded 391/391)
2024-03-09 05:45:38,940   INFO  Loading Custom dataset.
2024-03-09 05:45:38,941   INFO  Total samples for CUSTOM dataset: 0
2024-03-09 05:45:41,035   INFO  ==> Loading parameters from checkpoint ./pillar/model.pth to GPU
2024-03-09 05:45:41,164   INFO  ==> Checkpoint trained from version: pcdet+0.6.0+255db8f
2024-03-09 05:45:41,197   INFO  ==> Done (loaded 391/391)
2024-03-09 05:48:30,163   INFO  Loading Custom dataset.
2024-03-09 05:48:30,164   INFO  Total samples for CUSTOM dataset: 0
2024-03-09 05:48:32,273   INFO  ==> Loading parameters from checkpoint ./pillar/model.pth to GPU
2024-03-09 05:48:32,403   INFO  ==> Checkpoint trained from version: pcdet+0.6.0+255db8f
2024-03-09 05:48:32,435   INFO  ==> Done (loaded 391/391)
2024-03-09 05:51:41,838   INFO  Loading Custom dataset.
2024-03-09 05:51:41,839   INFO  Total samples for CUSTOM dataset: 0
2024-03-09 05:51:43,936   INFO  ==> Loading parameters from checkpoint ./pillar/model.pth to GPU
2024-03-09 05:51:44,065   INFO  ==> Checkpoint trained from version: pcdet+0.6.0+255db8f
2024-03-09 05:51:44,091   INFO  ==> Done (loaded 391/391)
2024-03-09 05:55:17,918   INFO  Loading Custom dataset.
2024-03-09 05:55:17,918   INFO  Loading Custom dataset.
2024-03-09 05:55:17,920   INFO  Total samples for CUSTOM dataset: 0
2024-03-09 05:55:17,920   INFO  Total samples for CUSTOM dataset: 0
2024-03-09 05:55:37,124   INFO  Loading Custom dataset.
2024-03-09 05:55:37,125   INFO  Total samples for CUSTOM dataset: 0
2024-03-09 05:55:39,191   INFO  ==> Loading parameters from checkpoint ./pillar/model.pth to GPU
2024-03-09 05:55:39,316   INFO  ==> Checkpoint trained from version: pcdet+0.6.0+255db8f
2024-03-09 05:55:39,350   INFO  ==> Done (loaded 391/391)
2024-03-09 05:58:05,605   INFO  Loading Custom dataset.
2024-03-09 05:58:05,607   INFO  Total samples for CUSTOM dataset: 0
2024-03-09 05:58:07,742   INFO  ==> Loading parameters from checkpoint ./pillar/model.pth to GPU
2024-03-09 05:58:07,869   INFO  ==> Checkpoint trained from version: pcdet+0.6.0+255db8f
2024-03-09 05:58:07,904   INFO  ==> Done (loaded 391/391)
2024-03-09 06:04:00,146   INFO  Loading Custom dataset.
2024-03-09 06:04:00,147   INFO  Total samples for CUSTOM dataset: 0
2024-03-09 06:04:02,242   INFO  ==> Loading parameters from checkpoint ./pillar/model.pth to GPU
2024-03-09 06:04:02,366   INFO  ==> Checkpoint trained from version: pcdet+0.6.0+255db8f
2024-03-09 06:04:02,393   INFO  ==> Done (loaded 391/391)
2024-03-09 08:39:08,120   INFO  Loading Custom dataset.
2024-03-09 08:39:08,121   INFO  Total samples for CUSTOM dataset: 0
2024-03-09 08:39:12,538   INFO  ==> Loading parameters from checkpoint ./pillar/model.pth to GPU
2024-03-09 08:39:12,663   INFO  ==> Checkpoint trained from version: pcdet+0.6.0+255db8f
2024-03-09 08:39:12,697   INFO  ==> Done (loaded 391/391)
2024-03-09 08:43:35,327   INFO  Loading Custom dataset.
2024-03-09 08:43:35,328   INFO  Total samples for CUSTOM dataset: 0
2024-03-09 08:43:37,413   INFO  ==> Loading parameters from checkpoint ./pillar/model.pth to GPU
2024-03-09 08:43:37,545   INFO  ==> Checkpoint trained from version: pcdet+0.6.0+255db8f
2024-03-09 08:43:37,589   INFO  ==> Done (loaded 391/391)
2024-03-09 08:50:11,570   INFO  Loading Custom dataset.
2024-03-09 08:50:11,572   INFO  Total samples for CUSTOM dataset: 0
2024-03-09 08:50:13,702   INFO  ==> Loading parameters from checkpoint ./pillar/model.pth to GPU
2024-03-09 08:50:13,831   INFO  ==> Checkpoint trained from version: pcdet+0.6.0+255db8f
2024-03-09 08:50:13,895   INFO  ==> Done (loaded 391/391)
2024-03-09 08:52:56,964   INFO  Loading Custom dataset.
2024-03-09 08:52:56,966   INFO  Total samples for CUSTOM dataset: 0
2024-03-09 08:52:59,058   INFO  ==> Loading parameters from checkpoint ./pillar/model.pth to GPU
2024-03-09 08:52:59,194   INFO  ==> Checkpoint trained from version: pcdet+0.6.0+255db8f
2024-03-09 08:52:59,221   INFO  ==> Done (loaded 391/391)
2024-03-09 08:53:33,682   INFO  Loading Custom dataset.
2024-03-09 08:53:33,683   INFO  Total samples for CUSTOM dataset: 0
2024-03-09 08:53:35,789   INFO  ==> Loading parameters from checkpoint ./pillar/model.pth to GPU
2024-03-09 08:53:35,915   INFO  ==> Checkpoint trained from version: pcdet+0.6.0+255db8f
2024-03-09 08:53:35,947   INFO  ==> Done (loaded 391/391)
2024-03-09 08:55:38,610   INFO  Loading Custom dataset.
2024-03-09 08:55:38,612   INFO  Total samples for CUSTOM dataset: 0
2024-03-09 08:55:40,748   INFO  ==> Loading parameters from checkpoint ./pillar/model.pth to GPU
2024-03-09 08:55:40,874   INFO  ==> Checkpoint trained from version: pcdet+0.6.0+255db8f
2024-03-09 08:55:40,908   INFO  ==> Done (loaded 391/391)
