2023-11-16 05:48:41,801   INFO  Loading Waymo dataset
2023-11-16 05:48:58,518   INFO  Total skipped info 0
2023-11-16 05:48:58,522   INFO  Total samples for Waymo dataset: 39987
2023-11-16 05:49:53,727   INFO  Loading Waymo dataset
2023-11-16 05:49:56,793   INFO  Total skipped info 0
2023-11-16 05:49:56,795   INFO  Total samples for Waymo dataset: 39987
2023-11-16 05:52:22,863   INFO  Loading Waymo dataset
2023-11-16 05:52:22,863   INFO  Loading Waymo dataset
2023-11-16 05:52:26,030   INFO  Total skipped info 0
2023-11-16 05:52:26,030   INFO  Total skipped info 0
2023-11-16 05:52:26,036   INFO  Total samples for Waymo dataset: 39987
2023-11-16 05:52:26,036   INFO  Total samples for Waymo dataset: 39987
2023-11-16 05:54:17,559   INFO  ==> Loading parameters from checkpoint /mnt/nas2/users/eslim/result_log/dsvt_pillar_waymo/ckpt/latest_model.pth to GPU
2023-11-16 05:54:17,559   INFO  ==> Loading parameters from checkpoint /mnt/nas2/users/eslim/result_log/dsvt_pillar_waymo/ckpt/latest_model.pth to GPU
2023-11-16 05:54:17,689   INFO  ==> Checkpoint trained from version: pcdet+0.6.0++py88d9ce2
2023-11-16 05:54:17,689   INFO  ==> Checkpoint trained from version: pcdet+0.6.0++py88d9ce2
2023-11-16 05:54:17,714   INFO  ==> Done (loaded 391/391)
2023-11-16 05:54:17,714   INFO  ==> Done (loaded 391/391)
2023-11-16 06:18:34,076   INFO  Loading Waymo dataset
2023-11-16 06:18:36,801   INFO  Total skipped info 0
2023-11-16 06:18:36,804   INFO  Total samples for Waymo dataset: 39987
2023-11-16 06:19:22,846   INFO  Loading Waymo dataset
2023-11-16 06:19:22,846   INFO  Loading Waymo dataset
2023-11-16 06:19:25,394   INFO  Total skipped info 0
2023-11-16 06:19:25,394   INFO  Total skipped info 0
2023-11-16 06:19:25,397   INFO  Total samples for Waymo dataset: 39987
2023-11-16 06:19:25,397   INFO  Total samples for Waymo dataset: 39987
2023-11-16 06:19:49,435   INFO  Loading Waymo dataset
2023-11-16 06:19:49,435   INFO  Loading Waymo dataset
2023-11-16 06:19:49,435   INFO  Loading Waymo dataset
2023-11-16 06:19:51,828   INFO  Total skipped info 0
2023-11-16 06:19:51,828   INFO  Total skipped info 0
2023-11-16 06:19:51,828   INFO  Total skipped info 0
2023-11-16 06:19:51,830   INFO  Total samples for Waymo dataset: 39987
2023-11-16 06:19:51,830   INFO  Total samples for Waymo dataset: 39987
2023-11-16 06:19:51,830   INFO  Total samples for Waymo dataset: 39987
2023-11-16 06:20:06,500   INFO  Loading Waymo dataset
2023-11-16 06:20:06,500   INFO  Loading Waymo dataset
2023-11-16 06:20:06,500   INFO  Loading Waymo dataset
2023-11-16 06:20:06,500   INFO  Loading Waymo dataset
2023-11-16 06:20:09,541   INFO  Total skipped info 0
2023-11-16 06:20:09,541   INFO  Total skipped info 0
2023-11-16 06:20:09,541   INFO  Total skipped info 0
2023-11-16 06:20:09,541   INFO  Total skipped info 0
2023-11-16 06:20:09,547   INFO  Total samples for Waymo dataset: 39987
2023-11-16 06:20:09,547   INFO  Total samples for Waymo dataset: 39987
2023-11-16 06:20:09,547   INFO  Total samples for Waymo dataset: 39987
2023-11-16 06:20:09,547   INFO  Total samples for Waymo dataset: 39987
2023-11-16 06:20:17,027   INFO  ==> Loading parameters from checkpoint /mnt/nas2/users/eslim/result_log/dsvt_pillar_waymo/ckpt/latest_model.pth to GPU
2023-11-16 06:20:17,027   INFO  ==> Loading parameters from checkpoint /mnt/nas2/users/eslim/result_log/dsvt_pillar_waymo/ckpt/latest_model.pth to GPU
2023-11-16 06:20:17,027   INFO  ==> Loading parameters from checkpoint /mnt/nas2/users/eslim/result_log/dsvt_pillar_waymo/ckpt/latest_model.pth to GPU
2023-11-16 06:20:17,027   INFO  ==> Loading parameters from checkpoint /mnt/nas2/users/eslim/result_log/dsvt_pillar_waymo/ckpt/latest_model.pth to GPU
2023-11-16 06:20:18,857   INFO  ==> Checkpoint trained from version: pcdet+0.6.0++py88d9ce2
2023-11-16 06:20:18,857   INFO  ==> Checkpoint trained from version: pcdet+0.6.0++py88d9ce2
2023-11-16 06:20:18,857   INFO  ==> Checkpoint trained from version: pcdet+0.6.0++py88d9ce2
2023-11-16 06:20:18,857   INFO  ==> Checkpoint trained from version: pcdet+0.6.0++py88d9ce2
2023-11-16 06:20:18,894   INFO  ==> Done (loaded 391/391)
2023-11-16 06:20:18,894   INFO  ==> Done (loaded 391/391)
2023-11-16 06:20:18,894   INFO  ==> Done (loaded 391/391)
2023-11-16 06:20:18,894   INFO  ==> Done (loaded 391/391)
2023-11-16 06:21:57,154   INFO  Loading Waymo dataset
2023-11-16 06:21:59,448   INFO  Total skipped info 0
2023-11-16 06:21:59,449   INFO  Total samples for Waymo dataset: 39987
2023-11-16 06:22:01,252   INFO  ==> Loading parameters from checkpoint /mnt/nas2/users/eslim/result_log/dsvt_pillar_waymo/ckpt/latest_model.pth to GPU
2023-11-16 06:22:01,354   INFO  ==> Checkpoint trained from version: pcdet+0.6.0++py88d9ce2
2023-11-16 06:22:01,377   INFO  ==> Done (loaded 391/391)
2023-11-16 06:28:25,548   INFO  Loading Waymo dataset
2023-11-16 06:28:28,402   INFO  Total skipped info 0
2023-11-16 06:28:28,403   INFO  Total samples for Waymo dataset: 39987
2023-11-16 06:28:30,252   INFO  ==> Loading parameters from checkpoint /mnt/nas2/users/eslim/result_log/dsvt_pillar_waymo/ckpt/latest_model.pth to GPU
2023-11-16 06:28:30,353   INFO  ==> Checkpoint trained from version: pcdet+0.6.0++py88d9ce2
2023-11-16 06:28:30,376   INFO  ==> Done (loaded 391/391)
2023-11-16 06:28:58,020   INFO  Loading Waymo dataset
2023-11-16 06:29:00,521   INFO  Total skipped info 0
2023-11-16 06:29:00,523   INFO  Total samples for Waymo dataset: 39987
2023-11-16 06:29:02,545   INFO  ==> Loading parameters from checkpoint /mnt/nas2/users/eslim/result_log/dsvt_pillar_waymo/ckpt/latest_model.pth to GPU
2023-11-16 06:29:02,669   INFO  ==> Checkpoint trained from version: pcdet+0.6.0++py88d9ce2
2023-11-16 06:29:02,692   INFO  ==> Done (loaded 391/391)
2024-03-07 10:30:50,820   INFO  Loading Waymo dataset
2024-03-07 10:31:00,853   INFO  Total skipped info 0
2024-03-07 10:31:00,855   INFO  Total samples for Waymo dataset: 39987
2024-03-07 10:32:31,443   INFO  ==> Loading parameters from checkpoint /mnt/nas2/users/eslim/result_log/generalization/dsvt_voxel_240225_r/ckpt/latest_model.pth to GPU
2024-03-07 10:32:33,028   INFO  ==> Checkpoint trained from version: pcdet+0.6.0+6719625+pyf948e89
2024-03-07 10:32:33,067   INFO  Not updated weight vfe.pfn_layers.0.linear.weight: torch.Size([96, 11])
2024-03-07 10:32:33,069   INFO  ==> Done (loaded 411/412)
2024-03-07 13:00:33,775   INFO  Loading Waymo dataset
2024-03-07 13:00:33,775   INFO  Loading Waymo dataset
2024-03-07 13:00:37,091   INFO  Total skipped info 0
2024-03-07 13:00:37,091   INFO  Total skipped info 0
2024-03-07 13:00:37,094   INFO  Total samples for Waymo dataset: 39987
2024-03-07 13:00:37,094   INFO  Total samples for Waymo dataset: 39987
2024-03-07 13:00:39,348   INFO  ==> Loading parameters from checkpoint /mnt/nas2/users/eslim/result_log/dsvt_pillar_waymo/ckpt/latest_model.pth to GPU
2024-03-07 13:00:39,348   INFO  ==> Loading parameters from checkpoint /mnt/nas2/users/eslim/result_log/dsvt_pillar_waymo/ckpt/latest_model.pth to GPU
2024-03-07 13:00:40,553   INFO  ==> Checkpoint trained from version: pcdet+0.6.0++py88d9ce2
2024-03-07 13:00:40,553   INFO  ==> Checkpoint trained from version: pcdet+0.6.0++py88d9ce2
2024-03-07 13:00:40,602   INFO  ==> Done (loaded 391/391)
2024-03-07 13:00:40,602   INFO  ==> Done (loaded 391/391)
2024-03-07 13:02:14,895   INFO  Loading Waymo dataset
2024-03-07 13:02:18,125   INFO  Total skipped info 0
2024-03-07 13:02:18,126   INFO  Total samples for Waymo dataset: 39987
2024-03-07 13:02:20,278   INFO  ==> Loading parameters from checkpoint /mnt/nas2/users/eslim/result_log/generalization/dsvt_voxel_240225_r/ckpt/latest_model.pth to GPU
2024-03-07 13:02:20,419   INFO  ==> Checkpoint trained from version: pcdet+0.6.0+6719625+pyf948e89
2024-03-07 13:02:20,453   INFO  Not updated weight vfe.pfn_layers.0.linear.weight: torch.Size([96, 11])
2024-03-07 13:02:20,454   INFO  ==> Done (loaded 411/412)
2024-03-07 13:16:04,006   INFO  Loading Waymo dataset
2024-03-07 13:16:04,006   INFO  Loading Waymo dataset
2024-03-07 13:16:04,006   INFO  Loading Waymo dataset
2024-03-07 13:16:07,371   INFO  Total skipped info 0
2024-03-07 13:16:07,371   INFO  Total skipped info 0
2024-03-07 13:16:07,371   INFO  Total skipped info 0
2024-03-07 13:16:07,375   INFO  Total samples for Waymo dataset: 39987
2024-03-07 13:16:07,375   INFO  Total samples for Waymo dataset: 39987
2024-03-07 13:16:07,375   INFO  Total samples for Waymo dataset: 39987
2024-03-07 13:16:07,535   INFO  ==> Loading parameters from checkpoint /mnt/nas2/users/eslim/result_log/dsvt_pillar_waymo/ckpt/latest_model.pth to GPU
2024-03-07 13:16:07,535   INFO  ==> Loading parameters from checkpoint /mnt/nas2/users/eslim/result_log/dsvt_pillar_waymo/ckpt/latest_model.pth to GPU
2024-03-07 13:16:07,535   INFO  ==> Loading parameters from checkpoint /mnt/nas2/users/eslim/result_log/dsvt_pillar_waymo/ckpt/latest_model.pth to GPU
2024-03-07 13:16:07,670   INFO  ==> Checkpoint trained from version: pcdet+0.6.0++py88d9ce2
2024-03-07 13:16:07,670   INFO  ==> Checkpoint trained from version: pcdet+0.6.0++py88d9ce2
2024-03-07 13:16:07,670   INFO  ==> Checkpoint trained from version: pcdet+0.6.0++py88d9ce2
2024-03-07 13:16:07,705   INFO  ==> Done (loaded 391/391)
2024-03-07 13:16:07,705   INFO  ==> Done (loaded 391/391)
2024-03-07 13:16:07,705   INFO  ==> Done (loaded 391/391)
2024-03-07 13:17:41,941   INFO  Loading Waymo dataset
2024-03-07 13:17:41,941   INFO  Loading Waymo dataset
2024-03-07 13:17:41,941   INFO  Loading Waymo dataset
2024-03-07 13:17:41,941   INFO  Loading Waymo dataset
2024-03-07 13:17:45,295   INFO  Total skipped info 0
2024-03-07 13:17:45,295   INFO  Total skipped info 0
2024-03-07 13:17:45,295   INFO  Total skipped info 0
2024-03-07 13:17:45,295   INFO  Total skipped info 0
2024-03-07 13:17:45,300   INFO  Total samples for Waymo dataset: 39987
2024-03-07 13:17:45,300   INFO  Total samples for Waymo dataset: 39987
2024-03-07 13:17:45,300   INFO  Total samples for Waymo dataset: 39987
2024-03-07 13:17:45,300   INFO  Total samples for Waymo dataset: 39987
2024-03-07 13:17:46,253   INFO  ==> Loading parameters from checkpoint /mnt/nas2/users/eslim/result_log/dsvt_pillar_waymo/ckpt/latest_model.pth to GPU
2024-03-07 13:17:46,253   INFO  ==> Loading parameters from checkpoint /mnt/nas2/users/eslim/result_log/dsvt_pillar_waymo/ckpt/latest_model.pth to GPU
2024-03-07 13:17:46,253   INFO  ==> Loading parameters from checkpoint /mnt/nas2/users/eslim/result_log/dsvt_pillar_waymo/ckpt/latest_model.pth to GPU
2024-03-07 13:17:46,253   INFO  ==> Loading parameters from checkpoint /mnt/nas2/users/eslim/result_log/dsvt_pillar_waymo/ckpt/latest_model.pth to GPU
2024-03-07 13:17:46,388   INFO  ==> Checkpoint trained from version: pcdet+0.6.0++py88d9ce2
2024-03-07 13:17:46,388   INFO  ==> Checkpoint trained from version: pcdet+0.6.0++py88d9ce2
2024-03-07 13:17:46,388   INFO  ==> Checkpoint trained from version: pcdet+0.6.0++py88d9ce2
2024-03-07 13:17:46,388   INFO  ==> Checkpoint trained from version: pcdet+0.6.0++py88d9ce2
2024-03-07 13:17:46,425   INFO  ==> Done (loaded 391/391)
2024-03-07 13:17:46,425   INFO  ==> Done (loaded 391/391)
2024-03-07 13:17:46,425   INFO  ==> Done (loaded 391/391)
2024-03-07 13:17:46,425   INFO  ==> Done (loaded 391/391)
2024-03-07 13:21:34,665   INFO  Loading Waymo dataset
2024-03-07 13:21:34,665   INFO  Loading Waymo dataset
2024-03-07 13:21:34,665   INFO  Loading Waymo dataset
2024-03-07 13:21:34,665   INFO  Loading Waymo dataset
2024-03-07 13:21:34,665   INFO  Loading Waymo dataset
2024-03-07 13:21:38,123   INFO  Total skipped info 0
2024-03-07 13:21:38,123   INFO  Total skipped info 0
2024-03-07 13:21:38,123   INFO  Total skipped info 0
2024-03-07 13:21:38,123   INFO  Total skipped info 0
2024-03-07 13:21:38,123   INFO  Total skipped info 0
2024-03-07 13:21:38,130   INFO  Total samples for Waymo dataset: 39987
2024-03-07 13:21:38,130   INFO  Total samples for Waymo dataset: 39987
2024-03-07 13:21:38,130   INFO  Total samples for Waymo dataset: 39987
2024-03-07 13:21:38,130   INFO  Total samples for Waymo dataset: 39987
2024-03-07 13:21:38,130   INFO  Total samples for Waymo dataset: 39987
2024-03-07 13:21:38,304   INFO  ==> Loading parameters from checkpoint /mnt/nas2/users/eslim/result_log/dsvt_pillar_waymo/ckpt/latest_model.pth to GPU
2024-03-07 13:21:38,304   INFO  ==> Loading parameters from checkpoint /mnt/nas2/users/eslim/result_log/dsvt_pillar_waymo/ckpt/latest_model.pth to GPU
2024-03-07 13:21:38,304   INFO  ==> Loading parameters from checkpoint /mnt/nas2/users/eslim/result_log/dsvt_pillar_waymo/ckpt/latest_model.pth to GPU
2024-03-07 13:21:38,304   INFO  ==> Loading parameters from checkpoint /mnt/nas2/users/eslim/result_log/dsvt_pillar_waymo/ckpt/latest_model.pth to GPU
2024-03-07 13:21:38,304   INFO  ==> Loading parameters from checkpoint /mnt/nas2/users/eslim/result_log/dsvt_pillar_waymo/ckpt/latest_model.pth to GPU
2024-03-07 13:21:38,445   INFO  ==> Checkpoint trained from version: pcdet+0.6.0++py88d9ce2
2024-03-07 13:21:38,445   INFO  ==> Checkpoint trained from version: pcdet+0.6.0++py88d9ce2
2024-03-07 13:21:38,445   INFO  ==> Checkpoint trained from version: pcdet+0.6.0++py88d9ce2
2024-03-07 13:21:38,445   INFO  ==> Checkpoint trained from version: pcdet+0.6.0++py88d9ce2
2024-03-07 13:21:38,445   INFO  ==> Checkpoint trained from version: pcdet+0.6.0++py88d9ce2
2024-03-07 13:21:38,491   INFO  ==> Done (loaded 391/391)
2024-03-07 13:21:38,491   INFO  ==> Done (loaded 391/391)
2024-03-07 13:21:38,491   INFO  ==> Done (loaded 391/391)
2024-03-07 13:21:38,491   INFO  ==> Done (loaded 391/391)
2024-03-07 13:21:38,491   INFO  ==> Done (loaded 391/391)
2024-03-07 13:22:10,786   INFO  Loading Waymo dataset
2024-03-07 13:22:13,902   INFO  Total skipped info 0
2024-03-07 13:22:13,903   INFO  Total samples for Waymo dataset: 39987
2024-03-07 13:22:15,987   INFO  ==> Loading parameters from checkpoint /mnt/nas2/users/eslim/result_log/dsvt_pillar_waymo/ckpt/latest_model.pth to GPU
2024-03-07 13:22:16,115   INFO  ==> Checkpoint trained from version: pcdet+0.6.0++py88d9ce2
2024-03-07 13:22:16,146   INFO  ==> Done (loaded 391/391)
2024-03-07 13:51:46,037   INFO  Loading Waymo dataset
2024-03-07 13:51:46,037   INFO  Loading Waymo dataset
2024-03-07 13:51:48,980   INFO  Total skipped info 0
2024-03-07 13:51:48,980   INFO  Total skipped info 0
2024-03-07 13:51:48,982   INFO  Total samples for Waymo dataset: 39987
2024-03-07 13:51:48,982   INFO  Total samples for Waymo dataset: 39987
2024-03-07 13:51:49,141   INFO  ==> Loading parameters from checkpoint /mnt/nas2/users/eslim/result_log/dsvt_pillar_waymo/ckpt/latest_model.pth to GPU
2024-03-07 13:51:49,141   INFO  ==> Loading parameters from checkpoint /mnt/nas2/users/eslim/result_log/dsvt_pillar_waymo/ckpt/latest_model.pth to GPU
2024-03-07 13:51:49,882   INFO  ==> Checkpoint trained from version: pcdet+0.6.0++py88d9ce2
2024-03-07 13:51:49,882   INFO  ==> Checkpoint trained from version: pcdet+0.6.0++py88d9ce2
2024-03-07 13:51:49,915   INFO  ==> Done (loaded 391/391)
2024-03-07 13:51:49,915   INFO  ==> Done (loaded 391/391)
2024-03-07 13:54:03,536   INFO  Loading Waymo dataset
2024-03-07 13:54:06,888   INFO  Total skipped info 0
2024-03-07 13:54:06,890   INFO  Total samples for Waymo dataset: 39987
2024-03-07 13:54:08,972   INFO  ==> Loading parameters from checkpoint /mnt/nas2/users/eslim/result_log/dsvt_pillar_waymo/ckpt/latest_model.pth to GPU
2024-03-07 13:54:09,099   INFO  ==> Checkpoint trained from version: pcdet+0.6.0++py88d9ce2
2024-03-07 13:54:09,130   INFO  ==> Done (loaded 391/391)
